<?xml version="1.0" encoding="UTF-8"?>
<!-- Generated by org.testng.reporters.JUnitReportReporter -->
<testsuite hostname="6c519eb472cc5b7" failures="0" tests="8" name="TestScenarios.DemoseTest" time="79.402" errors="0" timestamp="2023-10-04T22:24:58 IST" skipped="0">
  <testcase classname="TestScenarios.DemoseTest" name="BaseURLTest" time="2.079"/>
  <testcase classname="TestScenarios.DemoseTest" name="CookiePopupTest" time="15.089"/>
  <testcase classname="TestScenarios.DemoseTest" name="ProductButtonTest" time="10.149"/>
  <testcase classname="TestScenarios.DemoseTest" name="ProductButtonHoverOverTest" time="1.709"/>
  <testcase classname="TestScenarios.DemoseTest" name="FirstNameLabelTest" time="5.117"/>
  <testcase classname="TestScenarios.DemoseTest" name="AddToCartButtonTest" time="15.119"/>
  <testcase classname="TestScenarios.DemoseTest" name="CartButtonTest" time="15.082"/>
  <testcase classname="TestScenarios.DemoseTest" name="CartAddedTest" time="15.058"/>
</testsuite> <!-- TestScenarios.DemoseTest -->
