<?xml version="1.0" encoding="UTF-8"?>
<!-- Generated by org.testng.reporters.JUnitReportReporter -->
<testsuite hostname="6c519eb472cc5b7" failures="0" tests="8" name="TestScenarios.FlipCartTestSuite" time="70.015" errors="0" timestamp="2023-10-04T22:56:07 IST" skipped="0">
  <testcase classname="TestScenarios.FlipCartTestSuite" name="BaseURLTest" time="2.716"/>
  <testcase classname="TestScenarios.FlipCartTestSuite" name="LoginPopupCloseTest" time="5.095"/>
  <testcase classname="TestScenarios.FlipCartTestSuite" name="ProductSearch" time="12.158"/>
  <testcase classname="TestScenarios.FlipCartTestSuite" name="ProductButtonHoverOverTest" time="0.001"/>
  <testcase classname="TestScenarios.FlipCartTestSuite" name="FirstNameLabelTest" time="5.002"/>
  <testcase classname="TestScenarios.FlipCartTestSuite" name="AddToCartButtonTest" time="15.017"/>
  <testcase classname="TestScenarios.FlipCartTestSuite" name="CartButtonTest" time="15.014"/>
  <testcase classname="TestScenarios.FlipCartTestSuite" name="CartAddedTest" time="15.012"/>
</testsuite> <!-- TestScenarios.FlipCartTestSuite -->
