<?xml version="1.0" encoding="UTF-8"?>
<!-- Generated by org.testng.reporters.JUnitReportReporter -->
<testsuite hostname="6c519eb472cc5b7" failures="0" tests="6" name="test.testng.DemoseTest" time="52.404" errors="0" timestamp="2023-09-12T21:18:14 IST" skipped="0">
  <testcase classname="test.testng.DemoseTest" name="BaseURLTest" time="3.665"/>
  <testcase classname="test.testng.DemoseTest" name="CookiePopupTest" time="15.169"/>
  <testcase classname="test.testng.DemoseTest" name="ProductButtonTest" time="10.227"/>
  <testcase classname="test.testng.DemoseTest" name="ProductButtonHoverOverTest" time="23.269"/>
  <testcase classname="test.testng.DemoseTest" name="FirstNameLabelTest" time="0.050"/>
  <testcase classname="test.testng.DemoseTest" name="LastNameLabelTest" time="0.024"/>
</testsuite> <!-- test.testng.DemoseTest -->
