<?xml version="1.0" encoding="UTF-8"?>
<!-- Generated by org.testng.reporters.JUnitReportReporter -->
<testsuite hostname="6c519eb472cc5b7" failures="0" tests="6" name="Demo" time="44.465" errors="0" timestamp="2023-09-11T12:06:12 IST" skipped="0">
  <testcase classname="Demo" name="BaseUrl" time="3.925"/>
  <testcase classname="Demo" name="CookiePopupTest" time="15.246"/>
  <testcase classname="Demo" name="ProductButtonTest" time="11.335"/>
  <testcase classname="Demo" name="ProcessDivery" time="10.192"/>
  <testcase classname="Demo" name="NavigatetoURL" time="3.575"/>
  <testcase classname="Demo" name="BrowserCloseL" time="0.192"/>
</testsuite> <!-- Demo -->
