<?xml version="1.0" encoding="UTF-8"?>
<!-- Generated by org.testng.reporters.JUnitReportReporter -->
<testsuite hostname="6c519eb472cc5b7" failures="0" tests="1" name="NewTest" time="0.011" errors="0" timestamp="2023-09-08T23:04:07 IST" skipped="0">
  <testcase classname="NewTest" name="f" time="0.011"/>
</testsuite> <!-- NewTest -->
