<?xml version="1.0" encoding="UTF-8"?>
<!-- Generated by org.testng.reporters.JUnitReportReporter -->
<testsuite hostname="6c519eb472cc5b7" failures="0" tests="6" name="test.testng.DemoTest" time="47.362" errors="0" timestamp="2023-09-12T21:27:52 IST" skipped="0">
  <testcase classname="test.testng.DemoTest" name="BaseUrl" time="3.474"/>
  <testcase classname="test.testng.DemoTest" name="CookiePopupTest" time="15.173"/>
  <testcase classname="test.testng.DemoTest" name="ProductButtonTest" time="13.967"/>
  <testcase classname="test.testng.DemoTest" name="ProcessDivery" time="10.160"/>
  <testcase classname="test.testng.DemoTest" name="NavigatetoURL" time="4.438"/>
  <testcase classname="test.testng.DemoTest" name="BrowserCloseL" time="0.150"/>
</testsuite> <!-- test.testng.DemoTest -->
